2023-12-13 09:09:36,889 [INFO] Activator:176 - 


2023-12-13 09:09:36,920 [INFO] Activator:177 - !SESSION log4j initialized
2023-12-13 09:09:44,515 [INFO] LogOutputStream:77 - [STDOUT_REDIRECT] 
2023-12-13 09:09:52,361 [INFO] ApplicationProperties:184 - Using Application install path: C:\ST\STM32CubeIDE_1.12.1\STM32CubeIDE\plugins\com.st.stm32cube.common.mx_6.10.0.202311202037
2023-12-13 09:09:52,387 [INFO] DbMcusXml:78 - Set database path to: C:\ST\STM32CubeIDE_1.12.1\STM32CubeIDE\plugins\com.st.stm32cube.common.mx_6.10.0.202311202037\\db\/mcu/
2023-12-13 09:09:52,388 [INFO] ApiDb:274 - Set plugin database path to: C:\ST\STM32CubeIDE_1.12.1\STM32CubeIDE\plugins\com.st.stm32cube.common.mx_6.10.0.202311202037\\db\/plugins/boardmanager/
2023-12-13 09:09:52,388 [WARN] ApiDb:259 - Overriding images path with different value:  => C:\ST\STM32CubeIDE_1.12.1\STM32CubeIDE\plugins\com.st.stm32cube.common.mx_6.10.0.202311202037\\db\/plugins/mcufinder/images/
2023-12-13 09:09:52,401 [INFO] ApiDb:250 - Set database path to: C:\Users\why\.stmcufinder\plugins\mcufinder//mcu/
2023-12-13 09:09:52,403 [INFO] DbMcusAds:125 - Set database path to: C:\Users\why\.stmcufinder\plugins\mcufinder//mcu/
2023-12-13 09:09:52,406 [INFO] CrossReferenceDbSqlite:203 - Set database path to: C:\Users\why\.stmcufinder\plugins\mcufinder//mcu/cs/
2023-12-13 09:09:52,644 [INFO] RulesReader:64 - Compatibility file has been processed (297 Rules)
2023-12-13 09:09:52,770 [INFO] DbMcusXml:78 - Set database path to: C:\ST\STM32CubeIDE_1.12.1\STM32CubeIDE\plugins\com.st.stm32cube.common.mx_6.10.0.202311202037\\db\/mcu/
2023-12-13 09:09:52,770 [INFO] ApiDb:274 - Set plugin database path to: C:\ST\STM32CubeIDE_1.12.1\STM32CubeIDE\plugins\com.st.stm32cube.common.mx_6.10.0.202311202037\\db\/plugins/boardmanager/
2023-12-13 09:09:52,770 [INFO] ApiDb:261 - Set plugin images path to: C:\ST\STM32CubeIDE_1.12.1\STM32CubeIDE\plugins\com.st.stm32cube.common.mx_6.10.0.202311202037\\db\/plugins/mcufinder/images/
2023-12-13 09:09:52,771 [WARN] DbFile:41 - Overriding database path with different value: C:\Users\why\.stmcufinder\plugins\mcufinder/ => C:\Users\why\.stmcufinder\plugins\mcufinder
2023-12-13 09:09:52,771 [INFO] ApiDb:250 - Set database path to: C:\Users\why\.stmcufinder\plugins\mcufinder//mcu/
2023-12-13 09:09:52,771 [WARN] DbFile:41 - Overriding database path with different value: C:\Users\why\.stmcufinder\plugins\mcufinder/ => C:\Users\why\.stmcufinder\plugins\mcufinder
2023-12-13 09:09:52,771 [INFO] DbMcusAds:125 - Set database path to: C:\Users\why\.stmcufinder\plugins\mcufinder//mcu/
2023-12-13 09:09:52,771 [WARN] DbFile:41 - Overriding database path with different value: C:\Users\why\.stmcufinder\plugins\mcufinder/ => C:\Users\why\.stmcufinder\plugins\mcufinder
2023-12-13 09:09:52,771 [WARN] DbFile:41 - Overriding database path with different value: C:\Users\why\.stmcufinder\plugins\mcufinder/ => C:\Users\why\.stmcufinder\plugins\mcufinder
2023-12-13 09:09:52,771 [INFO] CrossReferenceDbSqlite:203 - Set database path to: C:\Users\why\.stmcufinder\plugins\mcufinder//mcu/cs/
2023-12-13 09:09:52,878 [INFO] MainPanel:264 - HeapMemory: 268435456
2023-12-13 09:09:52,993 [INFO] DbMcusXml:78 - Set database path to: C:\ST\STM32CubeIDE_1.12.1\STM32CubeIDE\plugins\com.st.stm32cube.common.mx_6.10.0.202311202037\\db\/mcu/
2023-12-13 09:09:52,993 [INFO] ApiDb:274 - Set plugin database path to: C:\ST\STM32CubeIDE_1.12.1\STM32CubeIDE\plugins\com.st.stm32cube.common.mx_6.10.0.202311202037\\db\/plugins/boardmanager/
2023-12-13 09:09:52,993 [INFO] ApiDb:261 - Set plugin images path to: C:\ST\STM32CubeIDE_1.12.1\STM32CubeIDE\plugins\com.st.stm32cube.common.mx_6.10.0.202311202037\\db\/plugins/mcufinder/images/
2023-12-13 09:09:52,994 [WARN] DbFile:41 - Overriding database path with different value: C:\Users\why\.stmcufinder\plugins\mcufinder/ => C:\Users\why\.stmcufinder\plugins\mcufinder
2023-12-13 09:09:52,994 [INFO] ApiDb:250 - Set database path to: C:\Users\why\.stmcufinder\plugins\mcufinder//mcu/
2023-12-13 09:09:52,994 [WARN] DbFile:41 - Overriding database path with different value: C:\Users\why\.stmcufinder\plugins\mcufinder/ => C:\Users\why\.stmcufinder\plugins\mcufinder
2023-12-13 09:09:52,994 [INFO] DbMcusAds:125 - Set database path to: C:\Users\why\.stmcufinder\plugins\mcufinder//mcu/
2023-12-13 09:09:52,994 [WARN] DbFile:41 - Overriding database path with different value: C:\Users\why\.stmcufinder\plugins\mcufinder/ => C:\Users\why\.stmcufinder\plugins\mcufinder
2023-12-13 09:09:52,995 [WARN] DbFile:41 - Overriding database path with different value: C:\Users\why\.stmcufinder\plugins\mcufinder/ => C:\Users\why\.stmcufinder\plugins\mcufinder
2023-12-13 09:09:52,995 [INFO] CrossReferenceDbSqlite:203 - Set database path to: C:\Users\why\.stmcufinder\plugins\mcufinder//mcu/cs/
2023-12-13 09:09:53,020 [INFO] ApplicationProperties:184 - Using Application install path: C:\ST\STM32CubeIDE_1.12.1\STM32CubeIDE\plugins\com.st.stm32cube.common.mx_6.10.0.202311202037
2023-12-13 09:09:53,022 [INFO] PluginManage:196 - Search for loadable plugins [exclusion list=, ]
2023-12-13 09:09:53,024 [INFO] PluginManage:310 - Check plugin analytics
2023-12-13 09:09:57,950 [INFO] AnalyticsPlugin:253 - Accepted Software Licenses: STM32CubeMX.6.8.1
2023-12-13 09:09:57,950 [INFO] AnalyticsPlugin:255 - Accepted CMSIS Pack Licenses: 
2023-12-13 09:09:57,951 [INFO] AnalyticsPlugin:257 - Accepted Firmware Licenses: FW.F4.1.27.0
2023-12-13 09:09:57,953 [INFO] PluginManage:359 - Loaded plugin analytics (category:tool,tabindex:-1)
2023-12-13 09:09:57,954 [INFO] PluginManage:310 - Check plugin cadmodel
2023-12-13 09:09:57,987 [INFO] CADModel:105 - Init CAD model plugin
2023-12-13 09:09:57,987 [INFO] PluginManage:359 - Loaded plugin cadmodel (category:power,tabindex:5)
2023-12-13 09:09:57,987 [INFO] PluginManage:310 - Check plugin clock
2023-12-13 09:09:58,019 [INFO] PluginManage:359 - Loaded plugin clock (category:base,tabindex:2)
2023-12-13 09:09:58,019 [INFO] PluginManage:310 - Check plugin ddr
2023-12-13 09:09:58,024 [INFO] PluginManage:359 - Loaded plugin ddr (category:tool,tabindex:6)
2023-12-13 09:09:58,025 [INFO] PluginManage:310 - Check plugin filemanager
2023-12-13 09:09:58,224 [INFO] PluginManage:359 - Loaded plugin filemanager (category:base,tabindex:10)
2023-12-13 09:09:58,224 [INFO] PluginManage:310 - Check plugin ipmanager
2023-12-13 09:09:58,236 [INFO] PluginManage:359 - Loaded plugin ipmanager (category:base,tabindex:5)
2023-12-13 09:09:58,237 [INFO] PluginManage:310 - Check plugin lpbam
2023-12-13 09:09:58,249 [INFO] PluginManage:359 - Loaded plugin lpbam (category:base,tabindex:0)
2023-12-13 09:09:58,250 [INFO] PluginManage:310 - Check plugin memorymap
2023-12-13 09:09:58,273 [INFO] PluginManage:359 - Loaded plugin memorymap (category:base,tabindex:4)
2023-12-13 09:09:58,273 [INFO] PluginManage:310 - Check plugin pinoutandconfiguration
2023-12-13 09:09:58,287 [INFO] PluginManage:359 - Loaded plugin pinoutandconfiguration (category:base,tabindex:1)
2023-12-13 09:09:58,287 [INFO] PluginManage:310 - Check plugin pinoutconfig
2023-12-13 09:09:58,432 [WARN] SupportedApi:132 - Cannot load RTOS API schema: s4s-elt-must-match.1: The content of 'definitions' must match (annotation?, (simpleType | complexType)?, (unique | key | keyref)*)). A problem was found starting at: attribute.
2023-12-13 09:09:58,711 [INFO] PluginManage:359 - Loaded plugin pinoutconfig (category:base,tabindex:0)
2023-12-13 09:09:58,712 [INFO] PluginManage:310 - Check plugin power
2023-12-13 09:09:58,739 [INFO] PluginManage:359 - Loaded plugin power (category:power,tabindex:4)
2023-12-13 09:09:58,740 [INFO] PluginManage:310 - Check plugin projectmanager
2023-12-13 09:09:58,772 [INFO] PluginManage:359 - Loaded plugin projectmanager (category:projectmanager,tabindex:3)
2023-12-13 09:09:58,772 [INFO] PluginManage:310 - Check plugin thirdparty
2023-12-13 09:09:59,037 [INFO] PluginManage:359 - Loaded plugin thirdparty (category:base,tabindex:-1)
2023-12-13 09:09:59,038 [INFO] PluginManage:310 - Check plugin tools
2023-12-13 09:09:59,039 [WARN] IntegrityCheckThread:84 - waiting for thirdparty lock release [integrity check]
2023-12-13 09:09:59,045 [INFO] PluginManage:359 - Loaded plugin tools (category:base,tabindex:7)
2023-12-13 09:09:59,046 [INFO] PluginManage:310 - Check plugin tutovideos
2023-12-13 09:09:59,050 [INFO] IntegrityCheckThread:86 - entering critical section [integrity check]
2023-12-13 09:09:59,051 [INFO] ThirdPartyUpdaterWithRetryManager:70 - Updater plugin not ready yet. [1/15]
2023-12-13 09:09:59,424 [INFO] PluginManage:359 - Loaded plugin tutovideos (category:base,tabindex:-1)
2023-12-13 09:09:59,424 [INFO] PluginManage:310 - Check plugin updater
2023-12-13 09:09:59,443 [INFO] PluginManage:359 - Loaded plugin updater (category:base,tabindex:12)
2023-12-13 09:09:59,443 [INFO] PluginManage:310 - Check plugin userauth
2023-12-13 09:09:59,451 [INFO] UserAuth:114 - Init User Auth plugin
2023-12-13 09:09:59,451 [INFO] PluginManage:359 - Loaded plugin userauth (category:base,tabindex:14)
2023-12-13 09:09:59,451 [INFO] PluginManage:283 - PluginManage : Loaded plugins [17]
2023-12-13 09:09:59,786 [INFO] PinOutPanel:1499 - setPackage(No Configuration,No Configuration)
2023-12-13 09:09:59,991 [INFO] CADModel:165 - CPN selected for project level
2023-12-13 09:09:59,991 [INFO] CADModel:114 - Register for checkConnection events
2023-12-13 09:10:00,049 [INFO] IPUIPlugin:80 - create IPUIPlugin
2023-12-13 09:10:00,049 [INFO] PluginManager:220 - loadIPPluginJar : add adc
2023-12-13 09:10:00,065 [INFO] IPUIPlugin:80 - create IPUIPlugin
2023-12-13 09:10:00,065 [INFO] PluginManager:220 - loadIPPluginJar : add aes
2023-12-13 09:10:00,072 [INFO] IPUIPlugin:80 - create IPUIPlugin
2023-12-13 09:10:00,072 [INFO] PluginManager:220 - loadIPPluginJar : add can
2023-12-13 09:10:00,079 [INFO] IPUIPlugin:80 - create IPUIPlugin
2023-12-13 09:10:00,080 [INFO] PluginManager:220 - loadIPPluginJar : add comp
2023-12-13 09:10:00,086 [INFO] IPUIPlugin:80 - create IPUIPlugin
2023-12-13 09:10:00,086 [INFO] PluginManager:220 - loadIPPluginJar : add cryp
2023-12-13 09:10:00,093 [INFO] IPUIPlugin:80 - create IPUIPlugin
2023-12-13 09:10:00,093 [INFO] PluginManager:220 - loadIPPluginJar : add dfsdm
2023-12-13 09:10:00,103 [INFO] IPUIPlugin:80 - create IPUIPlugin
2023-12-13 09:10:00,104 [INFO] PluginManager:220 - loadIPPluginJar : add dma
2023-12-13 09:10:00,111 [INFO] IPUIPlugin:80 - create IPUIPlugin
2023-12-13 09:10:00,111 [INFO] PluginManager:220 - loadIPPluginJar : add dma3
2023-12-13 09:10:00,116 [INFO] IPUIPlugin:80 - create IPUIPlugin
2023-12-13 09:10:00,116 [INFO] PluginManager:220 - loadIPPluginJar : add fatfs
2023-12-13 09:10:00,125 [INFO] IPUIPlugin:80 - create IPUIPlugin
2023-12-13 09:10:00,125 [INFO] PluginManager:220 - loadIPPluginJar : add fmc
2023-12-13 09:10:00,138 [INFO] IPUIPlugin:80 - create IPUIPlugin
2023-12-13 09:10:00,138 [INFO] PluginManager:220 - loadIPPluginJar : add freertos
2023-12-13 09:10:00,144 [INFO] IPUIPlugin:80 - create IPUIPlugin
2023-12-13 09:10:00,145 [INFO] PluginManager:220 - loadIPPluginJar : add genericplugin
2023-12-13 09:10:00,150 [INFO] IPUIPlugin:80 - create IPUIPlugin
2023-12-13 09:10:00,151 [INFO] PluginManager:220 - loadIPPluginJar : add gfxmmu
2023-12-13 09:10:00,159 [INFO] IPUIPlugin:80 - create IPUIPlugin
2023-12-13 09:10:00,160 [INFO] PluginManager:220 - loadIPPluginJar : add gic
2023-12-13 09:10:00,168 [INFO] IPUIPlugin:80 - create IPUIPlugin
2023-12-13 09:10:00,168 [INFO] PluginManager:220 - loadIPPluginJar : add gpio
2023-12-13 09:10:00,174 [INFO] IPUIPlugin:80 - create IPUIPlugin
2023-12-13 09:10:00,175 [INFO] PluginManager:220 - loadIPPluginJar : add gtzc
2023-12-13 09:10:00,181 [INFO] IPUIPlugin:80 - create IPUIPlugin
2023-12-13 09:10:00,181 [INFO] PluginManager:220 - loadIPPluginJar : add hash
2023-12-13 09:10:00,187 [INFO] IPUIPlugin:80 - create IPUIPlugin
2023-12-13 09:10:00,187 [INFO] PluginManager:220 - loadIPPluginJar : add i2c
2023-12-13 09:10:00,193 [INFO] IPUIPlugin:80 - create IPUIPlugin
2023-12-13 09:10:00,193 [INFO] PluginManager:220 - loadIPPluginJar : add i2s
2023-12-13 09:10:00,199 [INFO] IPUIPlugin:80 - create IPUIPlugin
2023-12-13 09:10:00,199 [INFO] PluginManager:220 - loadIPPluginJar : add i3c
2023-12-13 09:10:00,206 [INFO] IPUIPlugin:80 - create IPUIPlugin
2023-12-13 09:10:00,206 [INFO] PluginManager:220 - loadIPPluginJar : add ipddr
2023-12-13 09:10:00,216 [INFO] IPUIPlugin:80 - create IPUIPlugin
2023-12-13 09:10:00,216 [INFO] PluginManager:220 - loadIPPluginJar : add linkedlist
2023-12-13 09:10:00,222 [INFO] IPUIPlugin:80 - create IPUIPlugin
2023-12-13 09:10:00,223 [INFO] PluginManager:220 - loadIPPluginJar : add lorawan
2023-12-13 09:10:00,228 [INFO] IPUIPlugin:80 - create IPUIPlugin
2023-12-13 09:10:00,228 [INFO] PluginManager:220 - loadIPPluginJar : add ltdc
2023-12-13 09:10:00,239 [INFO] IPUIPlugin:80 - create IPUIPlugin
2023-12-13 09:10:00,239 [INFO] PluginManager:220 - loadIPPluginJar : add mdma
2023-12-13 09:10:00,247 [INFO] IPUIPlugin:80 - create IPUIPlugin
2023-12-13 09:10:00,247 [INFO] PluginManager:220 - loadIPPluginJar : add nvic
2023-12-13 09:10:00,254 [INFO] IPUIPlugin:80 - create IPUIPlugin
2023-12-13 09:10:00,254 [INFO] PluginManager:220 - loadIPPluginJar : add opamp
2023-12-13 09:10:00,261 [INFO] IPUIPlugin:80 - create IPUIPlugin
2023-12-13 09:10:00,262 [INFO] PluginManager:220 - loadIPPluginJar : add openamp
2023-12-13 09:10:00,270 [INFO] IPUIPlugin:80 - create IPUIPlugin
2023-12-13 09:10:00,271 [INFO] PluginManager:220 - loadIPPluginJar : add pdm2pcm
2023-12-13 09:10:00,290 [INFO] IPUIPlugin:80 - create IPUIPlugin
2023-12-13 09:10:00,293 [INFO] PluginManager:220 - loadIPPluginJar : add plateformsettings
2023-12-13 09:10:00,297 [INFO] IPUIPlugin:80 - create IPUIPlugin
2023-12-13 09:10:00,297 [INFO] PluginManager:220 - loadIPPluginJar : add quadspi
2023-12-13 09:10:00,306 [INFO] IPUIPlugin:80 - create IPUIPlugin
2023-12-13 09:10:00,306 [INFO] PluginManager:220 - loadIPPluginJar : add resmgrutility
2023-12-13 09:10:00,312 [INFO] IPUIPlugin:80 - create IPUIPlugin
2023-12-13 09:10:00,312 [INFO] PluginManager:220 - loadIPPluginJar : add sai
2023-12-13 09:10:00,318 [INFO] IPUIPlugin:80 - create IPUIPlugin
2023-12-13 09:10:00,318 [INFO] PluginManager:220 - loadIPPluginJar : add spi
2023-12-13 09:10:00,327 [INFO] IPUIPlugin:80 - create IPUIPlugin
2023-12-13 09:10:00,327 [INFO] PluginManager:220 - loadIPPluginJar : add stm32_wpan
2023-12-13 09:10:00,333 [INFO] IPUIPlugin:80 - create IPUIPlugin
2023-12-13 09:10:00,333 [INFO] PluginManager:220 - loadIPPluginJar : add tim
2023-12-13 09:10:00,339 [INFO] IPUIPlugin:80 - create IPUIPlugin
2023-12-13 09:10:00,339 [INFO] PluginManager:220 - loadIPPluginJar : add touchsensing
2023-12-13 09:10:00,344 [INFO] IPUIPlugin:80 - create IPUIPlugin
2023-12-13 09:10:00,344 [INFO] PluginManager:220 - loadIPPluginJar : add tracer_emb
2023-12-13 09:10:00,363 [INFO] IPUIPlugin:80 - create IPUIPlugin
2023-12-13 09:10:00,364 [INFO] PluginManager:220 - loadIPPluginJar : add ts
2023-12-13 09:10:00,370 [INFO] IPUIPlugin:80 - create IPUIPlugin
2023-12-13 09:10:00,371 [INFO] PluginManager:220 - loadIPPluginJar : add tsc
2023-12-13 09:10:00,375 [INFO] IPUIPlugin:80 - create IPUIPlugin
2023-12-13 09:10:00,375 [INFO] PluginManager:220 - loadIPPluginJar : add ucpd
2023-12-13 09:10:00,382 [INFO] IPUIPlugin:80 - create IPUIPlugin
2023-12-13 09:10:00,382 [INFO] PluginManager:220 - loadIPPluginJar : add usart
2023-12-13 09:10:00,388 [INFO] IPUIPlugin:80 - create IPUIPlugin
2023-12-13 09:10:00,389 [INFO] PluginManager:220 - loadIPPluginJar : add usbx
2023-12-13 09:10:00,555 [INFO] CADModel:165 - CPN selected for project level
2023-12-13 09:10:00,555 [INFO] CADModel:114 - Register for checkConnection events
2023-12-13 09:10:00,556 [FATAL] Updater:308 - Updater called before beeing initialized
2023-12-13 09:10:00,556 [ERROR] CADModel:125 - Updater not yet initialized, retry later 
2023-12-13 09:10:00,760 [INFO] CADModel:165 - CPN selected for project level
2023-12-13 09:10:00,761 [INFO] CADModel:114 - Register for checkConnection events
2023-12-13 09:10:00,761 [FATAL] Updater:308 - Updater called before beeing initialized
2023-12-13 09:10:00,761 [ERROR] CADModel:125 - Updater not yet initialized, retry later 
2023-12-13 09:10:00,768 [FATAL] Updater:308 - Updater called before beeing initialized
2023-12-13 09:10:00,964 [FATAL] Updater:308 - Updater called before beeing initialized
2023-12-13 09:10:00,971 [INFO] DbMcusAds:53 - JSON generation date=Wed Nov 29 19:52:38 KST 2023 (1701255158764)
2023-12-13 09:10:00,972 [FATAL] Updater:308 - Updater called before beeing initialized
2023-12-13 09:10:01,067 [WARN] DetailPanel:346 - Failed to get advertising image, set to default
2023-12-13 09:10:01,274 [FATAL] Updater:308 - Updater called before beeing initialized
2023-12-13 09:10:01,277 [FATAL] Updater:308 - Updater called before beeing initialized
2023-12-13 09:10:01,277 [FATAL] Updater:308 - Updater called before beeing initialized
2023-12-13 09:10:01,277 [WARN] DetailPanel:346 - Failed to get advertising image, set to default
2023-12-13 09:10:01,278 [FATAL] Updater:308 - Updater called before beeing initialized
2023-12-13 09:10:01,350 [ERROR] Updater:1120 - MainUpdater not yet initialized. External WinMGr cannot be set.
2023-12-13 09:10:01,355 [INFO] Updater:1056 - Updater Version found : 6.10.0
2023-12-13 09:10:01,378 [INFO] ApplicationProperties:184 - Using Application install path: C:\ST\STM32CubeIDE_1.12.1\STM32CubeIDE\plugins\com.st.stm32cube.common.mx_6.10.0.202311202037
2023-12-13 09:10:02,052 [INFO] ThirdPartyUpdaterWithRetryManager:70 - Updater plugin not ready yet. [2/15]
2023-12-13 09:10:03,190 [INFO] MainUpdater:2873 - connection check result : 10
2023-12-13 09:10:03,191 [INFO] MainUpdater:290 - Updater Check For Update Now.
2023-12-13 09:10:03,192 [INFO] MicroXplorer:498 - Change Database Version : DB.6.0.100
2023-12-13 09:10:03,206 [INFO] McuFinderGlobals:63 - Set McuFinder mode to 2 (CubeIDE integrated)
2023-12-13 09:10:03,206 [INFO] UserAuth:180 - activating auth plugin
2023-12-13 09:10:03,229 [INFO] UserAuth:404 - Internet connection configuration mode: 1
2023-12-13 09:10:03,260 [INFO] JxBrowserEngine:152 - Initiate JxBrowser Engine with user profile folder
2023-12-13 09:10:03,398 [INFO] CheckServerUpdateThread:120 - End of CheckServer Thread
2023-12-13 09:10:05,565 [WARN] PackLoader:240 - Cannot read IP mode file for STMicroelectronics.X-CUBE-SMBUS.2.1.0
2023-12-13 09:10:05,663 [WARN] PackLoader:240 - Cannot read IP mode file for STMicroelectronics.X-CUBE-AZRTOS-F7.1.1.0
2023-12-13 09:10:05,678 [WARN] PackLoader:240 - Cannot read IP mode file for STMicroelectronics.FP-SNS-MOTENV1.4.3.2
2023-12-13 09:10:05,692 [ERROR] RealEvaluatedCondition:428 - Found unsupported composite condition: GROUP='STM32_MetaDataManager' CLASS='Data Exchange'
2023-12-13 09:10:05,692 [ERROR] RealEvaluatedCondition:428 - Found unsupported composite condition: GROUP='STM32_MetaDataManager' CLASS='Data Exchange'
2023-12-13 09:10:05,694 [WARN] PackLoader:240 - Cannot read IP mode file for STMicroelectronics.FP-SNS-MOTENV1.4.3.1
2023-12-13 09:10:05,703 [WARN] PackLoader:240 - Cannot read IP mode file for STMicroelectronics.FP-SNS-FLIGHT1.5.0.1
2023-12-13 09:10:05,715 [WARN] PackLoader:240 - Cannot read IP mode file for STMicroelectronics.X-CUBE-BLE1.6.2.4
2023-12-13 09:10:05,721 [WARN] PackLoader:240 - Cannot read IP mode file for STMicroelectronics.FP-SNS-FLIGHT1.5.0.2
2023-12-13 09:10:05,765 [WARN] PackLoader:240 - Cannot read IP mode file for STMicroelectronics.X-CUBE-DISPLAY.3.0.0
2023-12-13 09:10:05,776 [WARN] PackLoader:240 - Cannot read IP mode file for STMicroelectronics.X-CUBE-BLE1.7.0.0
2023-12-13 09:10:05,784 [WARN] PackLoader:240 - Cannot read IP mode file for STMicroelectronics.X-CUBE-TOUCHGFX.4.22.0
2023-12-13 09:10:05,789 [WARN] PackLoader:240 - Cannot read IP mode file for STMicroelectronics.X-CUBE-TOUCHGFX.4.22.1
2023-12-13 09:10:05,843 [WARN] PackLoader:240 - Cannot read IP mode file for STMicroelectronics.FP-SNS-SMARTAG2.1.2.0
2023-12-13 09:10:05,867 [INFO] LogOutputStream:77 - [STDOUT_REDIRECT] 1 : Invalid condition id : UX_CORESTACK_Condition cause : null
2023-12-13 09:10:05,868 [INFO] LogOutputStream:77 - [STDOUT_REDIRECT] 1 : Invalid condition id : UX_CORESTACK_Condition cause : null
2023-12-13 09:10:05,870 [INFO] LogOutputStream:77 - [STDOUT_REDIRECT] 1 : Invalid condition id : UX_CORESTACK_Condition cause : null
2023-12-13 09:10:05,876 [INFO] LogOutputStream:77 - [STDOUT_REDIRECT] 1 : Invalid condition id : UX_CORESTACK_Condition cause : null
2023-12-13 09:10:05,880 [INFO] LogOutputStream:77 - [STDOUT_REDIRECT] 1 : Invalid condition id : UX_CORESTACK_Condition cause : null
2023-12-13 09:10:05,883 [WARN] PackLoader:240 - Cannot read IP mode file for STMicroelectronics.X-CUBE-AZRTOS-WL.2.0.0
2023-12-13 09:10:05,924 [WARN] PackLoader:240 - Cannot read IP mode file for WES.I-CUBE-Cesium.1.3.0
2023-12-13 09:10:05,931 [WARN] PackLoader:240 - Cannot read IP mode file for STMicroelectronics.X-CUBE-BLE2.3.3.0
2023-12-13 09:10:05,937 [WARN] PackLoader:240 - Cannot read IP mode file for STMicroelectronics.X-CUBE-TOUCHGFX.4.21.4
2023-12-13 09:10:05,945 [WARN] PackLoader:240 - Cannot read IP mode file for STMicroelectronics.X-CUBE-ALGOBUILD.1.3.0
2023-12-13 09:10:05,970 [WARN] PackLoader:240 - Cannot read IP mode file for STMicroelectronics.X-CUBE-AZRTOS-G0.1.1.0
2023-12-13 09:10:05,981 [WARN] PackLoader:240 - Cannot read IP mode file for STMicroelectronics.X-CUBE-NFC4.3.0.0
2023-12-13 09:10:06,003 [WARN] PackLoader:240 - Cannot read IP mode file for STMicroelectronics.X-CUBE-BLEMGR.3.0.0
2023-12-13 09:10:06,013 [WARN] PackLoader:240 - Cannot read IP mode file for STMicroelectronics.FP-ATR-SIGFOX1.3.2.0
2023-12-13 09:10:06,064 [WARN] PackLoader:240 - Cannot read IP mode file for SEGGER.I-CUBE-embOS.1.3.1
2023-12-13 09:10:06,126 [WARN] PackLoader:240 - Cannot read IP mode file for STMicroelectronics.X-CUBE-GNSS1.6.0.0
2023-12-13 09:10:06,193 [WARN] PackLoader:240 - Cannot read IP mode file for STMicroelectronics.X-CUBE-AZRTOS-F4.1.1.0
2023-12-13 09:10:06,204 [WARN] PackLoader:240 - Cannot read IP mode file for wolfSSL.I-CUBE-wolfSSL.5.6.0
2023-12-13 09:10:06,224 [WARN] PackLoader:240 - Cannot read IP mode file for STMicroelectronics.X-CUBE-AZRTOS-L5.2.0.0
2023-12-13 09:10:06,352 [WARN] PackLoader:240 - Cannot read IP mode file for STMicroelectronics.X-CUBE-MEMS1.9.6.0
2023-12-13 09:10:06,535 [WARN] PackLoader:240 - Cannot read IP mode file for STMicroelectronics.X-CUBE-EEPRMA1.4.2.0
2023-12-13 09:10:06,543 [WARN] PackLoader:240 - Cannot read IP mode file for ITTIA_DB.I-CUBE-ITTIADB.8.8.0
2023-12-13 09:10:06,554 [WARN] PackLoader:240 - Cannot read IP mode file for emotas.I-CUBE-CANOPEN.1.1.3
2023-12-13 09:10:06,562 [WARN] PackLoader:240 - Cannot read IP mode file for STMicroelectronics.X-CUBE-BLEMGR.2.0.0
2023-12-13 09:10:06,587 [WARN] ConditionMgr:438 - getConditionDescription Invalid condition id : UX DEVICE CLASS RTOS Condition cause : null
2023-12-13 09:10:06,588 [WARN] ConditionMgr:438 - getConditionDescription Invalid condition id : UX DEVICE CLASS RTOS Condition cause : null
2023-12-13 09:10:06,612 [WARN] PackLoader:240 - Cannot read IP mode file for STMicroelectronics.X-CUBE-AZRTOS-H7.3.1.0
2023-12-13 09:10:06,613 [WARN] ConditionMgr:1039 - genDependencies : Invalid condition id : UX DEVICE CLASS RTOS Condition cause : null
2023-12-13 09:10:06,613 [WARN] ConditionMgr:1039 - genDependencies : Invalid condition id : UX DEVICE CLASS RTOS Condition cause : null
2023-12-13 09:10:06,614 [WARN] ConditionMgr:1039 - genDependencies : Invalid condition id : UX DEVICE CLASS RTOS Condition cause : null
2023-12-13 09:10:06,614 [WARN] ConditionMgr:1039 - genDependencies : Invalid condition id : UX DEVICE CLASS RTOS Condition cause : null
2023-12-13 09:10:06,615 [WARN] ConditionMgr:1039 - genDependencies : Invalid condition id : UX DEVICE CLASS RTOS Condition cause : null
2023-12-13 09:10:06,623 [WARN] PackLoader:240 - Cannot read IP mode file for STMicroelectronics.X-CUBE-NFC7.1.0.1
2023-12-13 09:10:06,630 [WARN] PackLoader:240 - Cannot read IP mode file for STMicroelectronics.X-CUBE-NFC7.1.0.0
2023-12-13 09:10:06,640 [WARN] PackLoader:240 - Cannot read IP mode file for STMicroelectronics.X-CUBE-NFC6.3.0.0
2023-12-13 09:10:06,665 [WARN] PackLoader:240 - Cannot read IP mode file for STMicroelectronics.X-CUBE-EEPRMA1.4.1.0
2023-12-13 09:10:06,674 [WARN] PackLoader:240 - Cannot read IP mode file for STMicroelectronics.X-CUBE-AI.8.1.0
2023-12-13 09:10:06,755 [WARN] ConditionMgr:438 - getConditionDescription Invalid condition id : LAN8742 Phy interface Condition cause : null
2023-12-13 09:10:06,756 [WARN] PackLoader:240 - Cannot read IP mode file for STMicroelectronics.X-CUBE-AZRTOS-L4.2.0.0
2023-12-13 09:10:06,816 [WARN] ConditionMgr:1039 - genDependencies : Invalid condition id : LAN8742 Phy interface Condition cause : null
2023-12-13 09:10:06,816 [WARN] ConditionMgr:1039 - genDependencies : Invalid condition id : LAN8742 Phy interface Condition cause : null
2023-12-13 09:10:06,817 [WARN] ConditionMgr:1039 - genDependencies : Invalid condition id : LAN8742 Phy interface Condition cause : null
2023-12-13 09:10:06,853 [WARN] PackLoader:240 - Cannot read IP mode file for STMicroelectronics.X-CUBE-SFXS2LP1.4.0.0
2023-12-13 09:10:06,860 [WARN] PackLoader:240 - Cannot read IP mode file for STMicroelectronics.X-CUBE-ISPU.1.1.0
2023-12-13 09:10:06,878 [WARN] ConditionMgr:438 - getConditionDescription Invalid condition id : UX DEVICE CLASS RTOS Condition cause : null
2023-12-13 09:10:06,880 [WARN] ConditionMgr:438 - getConditionDescription Invalid condition id : UX DEVICE CLASS RTOS Condition cause : null
2023-12-13 09:10:06,881 [WARN] PackLoader:240 - Cannot read IP mode file for STMicroelectronics.X-CUBE-AZRTOS-WB.2.0.0
2023-12-13 09:10:06,883 [WARN] ConditionMgr:1039 - genDependencies : Invalid condition id : UX DEVICE CLASS RTOS Condition cause : null
2023-12-13 09:10:06,883 [WARN] ConditionMgr:1039 - genDependencies : Invalid condition id : UX DEVICE CLASS RTOS Condition cause : null
2023-12-13 09:10:06,884 [WARN] ConditionMgr:1039 - genDependencies : Invalid condition id : UX DEVICE CLASS RTOS Condition cause : null
2023-12-13 09:10:06,885 [WARN] ConditionMgr:1039 - genDependencies : Invalid condition id : UX DEVICE CLASS RTOS Condition cause : null
2023-12-13 09:10:06,885 [WARN] ConditionMgr:1039 - genDependencies : Invalid condition id : UX DEVICE CLASS RTOS Condition cause : null
2023-12-13 09:10:06,893 [WARN] PackLoader:240 - Cannot read IP mode file for STMicroelectronics.X-CUBE-FREERTOS.1.0.1
2023-12-13 09:10:06,917 [WARN] PackLoader:240 - Cannot read IP mode file for STMicroelectronics.X-CUBE-AZRTOS-L5.1.1.0
2023-12-13 09:10:06,960 [WARN] PackLoader:240 - Cannot read IP mode file for STMicroelectronics.X-CUBE-AI.8.0.1
2023-12-13 09:10:06,972 [WARN] PackLoader:240 - Cannot read IP mode file for STMicroelectronics.X-CUBE-SUBG2.5.0.0
2023-12-13 09:10:06,989 [WARN] PackLoader:240 - Cannot read IP mode file for STMicroelectronics.X-CUBE-TOF1.3.3.1
2023-12-13 09:10:07,021 [WARN] PackLoader:240 - Cannot read IP mode file for STMicroelectronics.X-CUBE-AZRTOS-G4.2.0.0
2023-12-13 09:10:07,032 [WARN] PackLoader:240 - Cannot read IP mode file for STMicroelectronics.X-CUBE-TOF1.3.3.0
2023-12-13 09:10:07,063 [WARN] PackLoader:240 - Cannot read IP mode file for Infineon.AIROC-Wi-Fi-Bluetooth-STM32.1.5.1
2023-12-13 09:10:07,075 [WARN] PackLoader:240 - Cannot read IP mode file for STMicroelectronics.FP-SNS-MOTENVWB1.1.3.1
2023-12-13 09:10:07,301 [WARN] PackLoader:240 - Cannot read IP mode file for STMicroelectronics.X-CUBE-ISPU.2.0.0
2023-12-13 09:10:07,439 [WARN] PackLoader:240 - Cannot read IP mode file for STMicroelectronics.X-CUBE-MEMS1.10.0.0
2023-12-13 09:10:07,678 [INFO] WebApp:161 - Instantiating new browser for Auth
2023-12-13 09:10:07,947 [WARN] PackLoader:240 - Cannot read IP mode file for STMicroelectronics.X-CUBE-FREERTOS.1.1.0
2023-12-13 09:10:07,970 [WARN] PackLoader:240 - Cannot read IP mode file for STMicroelectronics.X-CUBE-AZRTOS-WL.1.0.0
2023-12-13 09:10:07,986 [WARN] PackLoader:240 - Cannot read IP mode file for portGmbH.I-Cube-SoM-uGOAL.1.1.0
2023-12-13 09:10:07,996 [WARN] PackLoader:240 - Cannot read IP mode file for STMicroelectronics.X-CUBE-ALS.1.0.1
2023-12-13 09:10:08,009 [WARN] PackLoader:240 - Cannot read IP mode file for STMicroelectronics.X-CUBE-AZRTOS-WB.1.1.0
2023-12-13 09:10:08,244 [WARN] PackLoader:240 - Cannot read IP mode file for STMicroelectronics.FP-ATR-ASTRA1.2.0.0
2023-12-13 09:10:08,258 [WARN] PackLoader:240 - Cannot read IP mode file for STMicroelectronics.X-CUBE-TOF1.3.4.0
2023-12-13 09:10:08,288 [WARN] PackLoader:240 - Cannot read IP mode file for STMicroelectronics.X-CUBE-AZRTOS-H7.3.2.0
2023-12-13 09:10:08,293 [INFO] ThirdParty:978 - Integrity check success = true
2023-12-13 09:10:08,294 [INFO] IntegrityCheckThread:100 - exiting critical section [integrity check]
2023-12-13 09:10:08,294 [INFO] IntegrityCheckThread:103 - End integrity checks thread
2023-12-13 09:10:09,005 [INFO] WebApp:780 - Register for checkConnection events
2023-12-13 09:10:09,005 [INFO] WebApp:414 - Apply proxy settings
2023-12-13 09:10:09,005 [INFO] WebApp:499 - Chromium requires no authentication
2023-12-13 09:10:09,016 [INFO] WebApp:442 - Direct internet connection detected
2023-12-13 09:10:09,281 [INFO] WebApp:192 - Starting web application
2023-12-13 09:10:09,282 [INFO] WebApp:544 - Web application path used C:\ST\STM32CubeIDE_1.12.1\STM32CubeIDE\plugins\com.st.stm32cube.common.mx_6.10.0.202311202037\db\plugins\mcufinder\reactClient1\index.html
2023-12-13 09:10:30,354 [ERROR] LogOutputStream:75 - [STDERR_REDIRECT] SLF4J: Failed to load class "org.slf4j.impl.StaticLoggerBinder".
2023-12-13 09:10:30,355 [ERROR] LogOutputStream:75 - [STDERR_REDIRECT] SLF4J: Defaulting to no-operation (NOP) logger implementation
2023-12-13 09:10:30,357 [ERROR] LogOutputStream:75 - [STDERR_REDIRECT] SLF4J: See http://www.slf4j.org/codes.html#StaticLoggerBinder for further details.
